<?xml version="1.0" encoding="UTF-8"?>
<!-- Generated by org.testng.reporters.JUnitXMLReporter -->
<testsuite hostname="USER-20150318SK" name="logintestcase测试类" tests="5" failures="0" timestamp="4 Jun 2016 10:32:58 GMT" time="90.228" errors="0">
  <testcase name="LoginTest" time="4.901" classname="testcase.LoginTestClass"/>
  <testcase name="messageTestCase" time="14.689" classname="testcase.MessageTestClass"/>
  <testcase name="modifyAddressTestCase" time="17.198" classname="testcase.ModifyAddressTestClass"/>
  <testcase name="modifyInfoTestCase" time="14.935" classname="testcase.ModifyInfoTestClass"/>
  <testcase name="userCenterTestCase" time="11.835" classname="testcase.UserTestClass"/>
</testsuite> <!-- logintestcase测试类 -->
