<?xml version="1.0" encoding="UTF-8"?>
<testng-results skipped="0" failed="0" total="1" passed="1">
  <reporter-output>
  </reporter-output>
  <suite name="parameters²âÊÔÌ×¼þ" duration-ms="52" started-at="2016-05-28T09:57:53Z" finished-at="2016-05-28T09:57:53Z">
    <groups>
    </groups>
    <test name="parameters²âÊÔÀà" duration-ms="52" started-at="2016-05-28T09:57:53Z" finished-at="2016-05-28T09:57:53Z">
      <class name="com.huice.auto.framework.driver.aa">
        <test-method status="PASS" signature="aaa()[pri:0, instance:com.huice.auto.framework.driver.aa@46116f2]" name="aaa" duration-ms="24" started-at="2016-05-28T17:57:53Z" finished-at="2016-05-28T17:57:53Z">
          <reporter-output>
          </reporter-output>
        </test-method> <!-- aaa -->
      </class> <!-- com.huice.auto.framework.driver.aa -->
    </test> <!-- parameters²âÊÔÀà -->
  </suite> <!-- parameters²âÊÔÌ×¼þ -->
</testng-results>
